2024-02-12 00:07:08,858 [ERROR] LogOutputStream:75 - [STDERR_REDIRECT] Exception in thread "AWT-EventQueue-0" java.awt.IllegalComponentStateException: component must be showing on the screen to determine its location
2024-02-12 00:07:08,951 [ERROR] LogOutputStream:75 - [STDERR_REDIRECT] 	at java.desktop/java.awt.Component.getLocationOnScreen_NoTreeLock(Component.java:2113)
2024-02-12 00:07:08,952 [ERROR] LogOutputStream:75 - [STDERR_REDIRECT] 	at java.desktop/java.awt.Component.getLocationOnScreen(Component.java:2087)
2024-02-12 00:07:08,953 [ERROR] LogOutputStream:75 - [STDERR_REDIRECT] 	at java.desktop/javax.swing.JPopupMenu.show(JPopupMenu.java:960)
2024-02-12 00:07:08,954 [ERROR] LogOutputStream:75 - [STDERR_REDIRECT] 	at java.desktop/javax.swing.plaf.basic.BasicComboPopup.show(BasicComboPopup.java:235)
2024-02-12 00:07:08,955 [ERROR] LogOutputStream:75 - [STDERR_REDIRECT] 	at java.desktop/javax.swing.plaf.basic.BasicComboPopup.togglePopup(BasicComboPopup.java:1257)
2024-02-12 00:07:08,956 [ERROR] LogOutputStream:75 - [STDERR_REDIRECT] 	at java.desktop/javax.swing.plaf.basic.BasicComboPopup$Handler.mousePressed(BasicComboPopup.java:936)
2024-02-12 00:07:08,956 [ERROR] LogOutputStream:75 - [STDERR_REDIRECT] 	at java.desktop/java.awt.Component.processMouseEvent(Component.java:6623)
2024-02-12 00:07:08,957 [ERROR] LogOutputStream:75 - [STDERR_REDIRECT] 	at java.desktop/javax.swing.JComponent.processMouseEvent(JComponent.java:3389)
2024-02-12 00:07:08,957 [ERROR] LogOutputStream:75 - [STDERR_REDIRECT] 	at java.desktop/java.awt.Component.processEvent(Component.java:6391)
2024-02-12 00:07:08,958 [ERROR] LogOutputStream:75 - [STDERR_REDIRECT] 	at java.desktop/java.awt.Container.processEvent(Container.java:2266)
2024-02-12 00:07:08,958 [ERROR] LogOutputStream:75 - [STDERR_REDIRECT] 	at java.desktop/java.awt.Component.dispatchEventImpl(Component.java:5001)
2024-02-12 00:07:08,959 [ERROR] LogOutputStream:75 - [STDERR_REDIRECT] 	at java.desktop/java.awt.Container.dispatchEventImpl(Container.java:2324)
2024-02-12 00:07:08,960 [ERROR] LogOutputStream:75 - [STDERR_REDIRECT] 	at java.desktop/java.awt.Component.dispatchEvent(Component.java:4833)
2024-02-12 00:07:08,960 [ERROR] LogOutputStream:75 - [STDERR_REDIRECT] 	at java.desktop/javax.swing.plaf.basic.BasicTableUI$Handler.repostEvent(BasicTableUI.java:987)
2024-02-12 00:07:08,961 [ERROR] LogOutputStream:75 - [STDERR_REDIRECT] 	at java.desktop/javax.swing.plaf.basic.BasicTableUI$Handler.adjustSelection(BasicTableUI.java:1149)
2024-02-12 00:07:08,962 [ERROR] LogOutputStream:75 - [STDERR_REDIRECT] 	at java.desktop/javax.swing.plaf.basic.BasicTableUI$Handler.mousePressed(BasicTableUI.java:1077)
2024-02-12 00:07:08,963 [ERROR] LogOutputStream:75 - [STDERR_REDIRECT] 	at java.desktop/java.awt.AWTEventMulticaster.mousePressed(AWTEventMulticaster.java:288)
2024-02-12 00:07:08,964 [ERROR] LogOutputStream:75 - [STDERR_REDIRECT] 	at java.desktop/java.awt.AWTEventMulticaster.mousePressed(AWTEventMulticaster.java:287)
2024-02-12 00:07:08,965 [ERROR] LogOutputStream:75 - [STDERR_REDIRECT] 	at java.desktop/java.awt.AWTEventMulticaster.mousePressed(AWTEventMulticaster.java:287)
2024-02-12 00:07:08,966 [ERROR] LogOutputStream:75 - [STDERR_REDIRECT] 	at java.desktop/java.awt.AWTEventMulticaster.mousePressed(AWTEventMulticaster.java:287)
2024-02-12 00:07:08,967 [ERROR] LogOutputStream:75 - [STDERR_REDIRECT] 	at java.desktop/java.awt.Component.processMouseEvent(Component.java:6623)
2024-02-12 00:07:08,967 [ERROR] LogOutputStream:75 - [STDERR_REDIRECT] 	at java.desktop/javax.swing.JComponent.processMouseEvent(JComponent.java:3389)
2024-02-12 00:07:08,968 [ERROR] LogOutputStream:75 - [STDERR_REDIRECT] 	at java.desktop/java.awt.Component.processEvent(Component.java:6391)
2024-02-12 00:07:08,969 [ERROR] LogOutputStream:75 - [STDERR_REDIRECT] 	at java.desktop/java.awt.Container.processEvent(Container.java:2266)
2024-02-12 00:07:08,970 [ERROR] LogOutputStream:75 - [STDERR_REDIRECT] 	at java.desktop/java.awt.Component.dispatchEventImpl(Component.java:5001)
2024-02-12 00:07:08,970 [ERROR] LogOutputStream:75 - [STDERR_REDIRECT] 	at java.desktop/java.awt.Container.dispatchEventImpl(Container.java:2324)
2024-02-12 00:07:08,971 [ERROR] LogOutputStream:75 - [STDERR_REDIRECT] 	at java.desktop/java.awt.Component.dispatchEvent(Component.java:4833)
2024-02-12 00:07:08,972 [ERROR] LogOutputStream:75 - [STDERR_REDIRECT] 	at java.desktop/java.awt.LightweightDispatcher.retargetMouseEvent(Container.java:4948)
2024-02-12 00:07:08,972 [ERROR] LogOutputStream:75 - [STDERR_REDIRECT] 	at java.desktop/java.awt.LightweightDispatcher.processMouseEvent(Container.java:4572)
2024-02-12 00:07:08,973 [ERROR] LogOutputStream:75 - [STDERR_REDIRECT] 	at java.desktop/java.awt.LightweightDispatcher.dispatchEvent(Container.java:4516)
2024-02-12 00:07:08,974 [ERROR] LogOutputStream:75 - [STDERR_REDIRECT] 	at java.desktop/java.awt.Container.dispatchEventImpl(Container.java:2310)
2024-02-12 00:07:08,974 [ERROR] LogOutputStream:75 - [STDERR_REDIRECT] 	at java.desktop/java.awt.Component.dispatchEvent(Component.java:4833)
2024-02-12 00:07:08,975 [ERROR] LogOutputStream:75 - [STDERR_REDIRECT] 	at java.desktop/java.awt.EventQueue.dispatchEventImpl(EventQueue.java:775)
2024-02-12 00:07:08,976 [ERROR] LogOutputStream:75 - [STDERR_REDIRECT] 	at java.desktop/java.awt.EventQueue$4.run(EventQueue.java:720)
2024-02-12 00:07:08,976 [ERROR] LogOutputStream:75 - [STDERR_REDIRECT] 	at java.desktop/java.awt.EventQueue$4.run(EventQueue.java:714)
2024-02-12 00:07:08,977 [ERROR] LogOutputStream:75 - [STDERR_REDIRECT] 	at java.base/java.security.AccessController.doPrivileged(AccessController.java:399)
2024-02-12 00:07:08,978 [ERROR] LogOutputStream:75 - [STDERR_REDIRECT] 	at java.base/java.security.ProtectionDomain$JavaSecurityAccessImpl.doIntersectionPrivilege(ProtectionDomain.java:86)
2024-02-12 00:07:08,979 [ERROR] LogOutputStream:75 - [STDERR_REDIRECT] 	at java.base/java.security.ProtectionDomain$JavaSecurityAccessImpl.doIntersectionPrivilege(ProtectionDomain.java:97)
2024-02-12 00:07:08,980 [ERROR] LogOutputStream:75 - [STDERR_REDIRECT] 	at java.desktop/java.awt.EventQueue$5.run(EventQueue.java:747)
2024-02-12 00:07:08,981 [ERROR] LogOutputStream:75 - [STDERR_REDIRECT] 	at java.desktop/java.awt.EventQueue$5.run(EventQueue.java:745)
2024-02-12 00:07:08,981 [ERROR] LogOutputStream:75 - [STDERR_REDIRECT] 	at java.base/java.security.AccessController.doPrivileged(AccessController.java:399)
2024-02-12 00:07:08,982 [ERROR] LogOutputStream:75 - [STDERR_REDIRECT] 	at java.base/java.security.ProtectionDomain$JavaSecurityAccessImpl.doIntersectionPrivilege(ProtectionDomain.java:86)
2024-02-12 00:07:08,983 [ERROR] LogOutputStream:75 - [STDERR_REDIRECT] 	at java.desktop/java.awt.EventQueue.dispatchEvent(EventQueue.java:744)
2024-02-12 00:07:08,984 [ERROR] LogOutputStream:75 - [STDERR_REDIRECT] 	at java.desktop/java.awt.EventDispatchThread.pumpOneEventForFilters(EventDispatchThread.java:203)
2024-02-12 00:07:08,985 [ERROR] LogOutputStream:75 - [STDERR_REDIRECT] 	at java.desktop/java.awt.EventDispatchThread.pumpEventsForFilter(EventDispatchThread.java:124)
2024-02-12 00:07:08,985 [ERROR] LogOutputStream:75 - [STDERR_REDIRECT] 	at java.desktop/java.awt.EventDispatchThread.pumpEventsForHierarchy(EventDispatchThread.java:113)
2024-02-12 00:07:08,986 [ERROR] LogOutputStream:75 - [STDERR_REDIRECT] 	at java.desktop/java.awt.EventDispatchThread.pumpEvents(EventDispatchThread.java:109)
2024-02-12 00:07:08,986 [ERROR] LogOutputStream:75 - [STDERR_REDIRECT] 	at java.desktop/java.awt.EventDispatchThread.pumpEvents(EventDispatchThread.java:101)
2024-02-12 00:07:08,987 [ERROR] LogOutputStream:75 - [STDERR_REDIRECT] 	at java.desktop/java.awt.EventDispatchThread.run(EventDispatchThread.java:90)
2024-02-12 00:07:34,930 [INFO] NvicIntPanel:101 - NVIC parent = com.st.microxplorer.plugins.ip.nvic.MultiNvicIntPanel[,0,0,0x0,invalid,layout=javax.swing.BoxLayout,alignmentX=0.0,alignmentY=0.0,border=,flags=9,maximumSize=,minimumSize=,preferredSize=]
2024-02-12 00:10:07,331 [INFO] UtilMem:75 - End SaveConfig() Used Memory: 285651976 Bytes (898629632)
2024-02-12 00:10:09,864 [INFO] UtilMem:75 - End SaveConfig() Used Memory: 312914952 Bytes (898629632)
2024-02-12 00:10:10,304 [INFO] UtilMem:75 - End SaveConfig() Used Memory: 349092872 Bytes (898629632)
2024-02-12 00:10:10,469 [INFO] BlockDiagram:2759 - set Specific Code input for plugin: TIM1_8
2024-02-12 00:10:10,469 [INFO] BlockDiagram:2759 - set Specific Code input for plugin: SYS
2024-02-12 00:10:10,469 [INFO] BlockDiagram:2759 - set Specific Code input for plugin: RCC
2024-02-12 00:10:10,469 [INFO] BlockDiagram:2759 - set Specific Code input for plugin: NVIC
2024-02-12 00:10:10,469 [INFO] BlockDiagram:2759 - set Specific Code input for plugin: USART
2024-02-12 00:10:10,469 [INFO] BlockDiagram:2759 - set Specific Code input for plugin: GPIO
2024-02-12 00:10:10,477 [INFO] CodeGenerator:807 - code generatio: config db path: D:\ST\STM32CubeIDE_1.14.1\STM32CubeIDE\plugins\com.st.stm32cube.common.mx_6.10.0.202311202037\\db\
2024-02-12 00:10:10,567 [INFO] CodeEngine:255 - oldGeneratedFile, D:\Users\alexa\STM32CubeIDE\guitarPedal1\pedalAttempt1\MXTmpFiles\license.tmp_save
2024-02-12 00:10:10,617 [INFO] CodeEngine:279 - Generated code: D:\Users\alexa\STM32CubeIDE\guitarPedal1\pedalAttempt1\MXTmpFiles\license.tmp
2024-02-12 00:10:10,628 [INFO] CodeEngine:255 - oldGeneratedFile, D:\Users\alexa\STM32CubeIDE\guitarPedal1\pedalAttempt1\MXTmpFiles\gpio.tmp_save
2024-02-12 00:10:10,674 [INFO] CodeEngine:279 - Generated code: D:\Users\alexa\STM32CubeIDE\guitarPedal1\pedalAttempt1\MXTmpFiles\gpio.tmp
2024-02-12 00:10:10,780 [INFO] CodeEngine:255 - oldGeneratedFile, D:\Users\alexa\STM32CubeIDE\guitarPedal1\pedalAttempt1\Core\Src\stm32f4xx_it.c_save
2024-02-12 00:10:10,870 [INFO] CodeEngine:279 - Generated code: D:\Users\alexa\STM32CubeIDE\guitarPedal1\pedalAttempt1\Core\Src\stm32f4xx_it.c
2024-02-12 00:10:10,874 [INFO] CodeEngine:255 - oldGeneratedFile, D:\Users\alexa\STM32CubeIDE\guitarPedal1\pedalAttempt1\Core\Inc\stm32f4xx_it.h_save
2024-02-12 00:10:10,916 [INFO] CodeEngine:279 - Generated code: D:\Users\alexa\STM32CubeIDE\guitarPedal1\pedalAttempt1\Core\Inc\stm32f4xx_it.h
2024-02-12 00:10:10,924 [INFO] CodeEngine:255 - oldGeneratedFile, D:\Users\alexa\STM32CubeIDE\guitarPedal1\pedalAttempt1\Core\Src\stm32f4xx_hal_msp.c_save
2024-02-12 00:10:10,997 [INFO] CodeEngine:279 - Generated code: D:\Users\alexa\STM32CubeIDE\guitarPedal1\pedalAttempt1\Core\Src\stm32f4xx_hal_msp.c
2024-02-12 00:10:11,001 [INFO] CodeEngine:255 - oldGeneratedFile, D:\Users\alexa\STM32CubeIDE\guitarPedal1\pedalAttempt1\MXTmpFiles\system.tmp_save
2024-02-12 00:10:11,040 [INFO] CodeEngine:279 - Generated code: D:\Users\alexa\STM32CubeIDE\guitarPedal1\pedalAttempt1\MXTmpFiles\system.tmp
2024-02-12 00:10:11,047 [INFO] CodeEngine:311 - oldGeneratedFile, D:\Users\alexa\STM32CubeIDE\guitarPedal1\pedalAttempt1\Core\Inc\stm32f4xx_hal_conf.h_save
2024-02-12 00:10:11,093 [INFO] CodeEngine:335 - Generated code: D:\Users\alexa\STM32CubeIDE\guitarPedal1\pedalAttempt1\Core\Inc\stm32f4xx_hal_conf.h
2024-02-12 00:10:11,106 [WARN] IPConfigManager:2946 - Warning: the RefConfig PLL2P_FOR_MCO is not available in your config.xml file
2024-02-12 00:10:11,107 [WARN] IPConfigManager:3440 - IP not found : TIM
2024-02-12 00:10:11,108 [WARN] CodeGenerator:3939 - IP not found : null
2024-02-12 00:10:11,114 [INFO] CodeEngine:255 - oldGeneratedFile, D:\Users\alexa\STM32CubeIDE\guitarPedal1\pedalAttempt1\Core\Inc\main.h_save
2024-02-12 00:10:11,242 [INFO] CodeEngine:279 - Generated code: D:\Users\alexa\STM32CubeIDE\guitarPedal1\pedalAttempt1\Core\Inc\main.h
2024-02-12 00:10:11,246 [INFO] CodeEngine:255 - oldGeneratedFile, D:\Users\alexa\STM32CubeIDE\guitarPedal1\pedalAttempt1\Core\Src\main.c_save
2024-02-12 00:10:11,317 [INFO] CodeEngine:279 - Generated code: D:\Users\alexa\STM32CubeIDE\guitarPedal1\pedalAttempt1\Core\Src\main.c
2024-02-12 00:10:11,693 [INFO] ProjectBuilder:3076 - Time for Copy HAL[1] : 137mS.
2024-02-12 00:10:11,696 [INFO] ProjectBuilder:4485 - Project Generator version: 4.2.0-B44
2024-02-12 00:10:11,809 [INFO] ConfigFileManager:1495 - The Die is : DIE421
2024-02-12 00:10:12,885 [INFO] ProjectBuilder:4747 - Time for Generating toolchain IDE Files: 1189mS.
2024-02-12 00:10:12,886 [INFO] ProjectBuilder:2947 - Time for Copy CMSIS : 1mS.
2024-02-12 00:10:12,889 [INFO] ProjectBuilder:2947 - Time for Copy CMSIS : 0mS.
2024-02-12 00:11:42,714 [INFO] UtilMem:75 - End SaveConfig() Used Memory: 385596520 Bytes (1025507328)
2024-02-12 00:11:43,155 [INFO] UtilMem:75 - End SaveConfig() Used Memory: 420523312 Bytes (1025507328)
2024-02-12 00:11:43,330 [INFO] BlockDiagram:2759 - set Specific Code input for plugin: TIM1_8
2024-02-12 00:11:43,330 [INFO] BlockDiagram:2759 - set Specific Code input for plugin: SYS
2024-02-12 00:11:43,330 [INFO] BlockDiagram:2759 - set Specific Code input for plugin: RCC
2024-02-12 00:11:43,330 [INFO] BlockDiagram:2759 - set Specific Code input for plugin: NVIC
2024-02-12 00:11:43,330 [INFO] BlockDiagram:2759 - set Specific Code input for plugin: USART
2024-02-12 00:11:43,330 [INFO] BlockDiagram:2759 - set Specific Code input for plugin: GPIO
2024-02-12 00:11:43,331 [INFO] CodeGenerator:807 - code generatio: config db path: D:\ST\STM32CubeIDE_1.14.1\STM32CubeIDE\plugins\com.st.stm32cube.common.mx_6.10.0.202311202037\\db\
2024-02-12 00:11:43,415 [INFO] CodeEngine:255 - oldGeneratedFile, D:\Users\alexa\STM32CubeIDE\guitarPedal1\pedalAttempt1\MXTmpFiles\license.tmp_save
2024-02-12 00:11:43,470 [INFO] CodeEngine:279 - Generated code: D:\Users\alexa\STM32CubeIDE\guitarPedal1\pedalAttempt1\MXTmpFiles\license.tmp
2024-02-12 00:11:43,481 [INFO] CodeEngine:255 - oldGeneratedFile, D:\Users\alexa\STM32CubeIDE\guitarPedal1\pedalAttempt1\MXTmpFiles\gpio.tmp_save
2024-02-12 00:11:43,523 [INFO] CodeEngine:279 - Generated code: D:\Users\alexa\STM32CubeIDE\guitarPedal1\pedalAttempt1\MXTmpFiles\gpio.tmp
2024-02-12 00:11:43,568 [INFO] CodeEngine:255 - oldGeneratedFile, D:\Users\alexa\STM32CubeIDE\guitarPedal1\pedalAttempt1\Core\Src\stm32f4xx_it.c_save
2024-02-12 00:11:43,614 [INFO] CodeEngine:279 - Generated code: D:\Users\alexa\STM32CubeIDE\guitarPedal1\pedalAttempt1\Core\Src\stm32f4xx_it.c
2024-02-12 00:11:43,619 [INFO] CodeEngine:255 - oldGeneratedFile, D:\Users\alexa\STM32CubeIDE\guitarPedal1\pedalAttempt1\Core\Inc\stm32f4xx_it.h_save
2024-02-12 00:11:43,662 [INFO] CodeEngine:279 - Generated code: D:\Users\alexa\STM32CubeIDE\guitarPedal1\pedalAttempt1\Core\Inc\stm32f4xx_it.h
2024-02-12 00:11:43,671 [INFO] CodeEngine:255 - oldGeneratedFile, D:\Users\alexa\STM32CubeIDE\guitarPedal1\pedalAttempt1\Core\Src\stm32f4xx_hal_msp.c_save
2024-02-12 00:11:43,792 [INFO] CodeEngine:279 - Generated code: D:\Users\alexa\STM32CubeIDE\guitarPedal1\pedalAttempt1\Core\Src\stm32f4xx_hal_msp.c
2024-02-12 00:11:43,795 [INFO] CodeEngine:255 - oldGeneratedFile, D:\Users\alexa\STM32CubeIDE\guitarPedal1\pedalAttempt1\MXTmpFiles\system.tmp_save
2024-02-12 00:11:43,836 [INFO] CodeEngine:279 - Generated code: D:\Users\alexa\STM32CubeIDE\guitarPedal1\pedalAttempt1\MXTmpFiles\system.tmp
2024-02-12 00:11:43,844 [INFO] CodeEngine:311 - oldGeneratedFile, D:\Users\alexa\STM32CubeIDE\guitarPedal1\pedalAttempt1\Core\Inc\stm32f4xx_hal_conf.h_save
2024-02-12 00:11:43,892 [INFO] CodeEngine:335 - Generated code: D:\Users\alexa\STM32CubeIDE\guitarPedal1\pedalAttempt1\Core\Inc\stm32f4xx_hal_conf.h
2024-02-12 00:11:43,904 [WARN] IPConfigManager:2946 - Warning: the RefConfig PLL2P_FOR_MCO is not available in your config.xml file
2024-02-12 00:11:43,906 [WARN] IPConfigManager:3440 - IP not found : TIM
2024-02-12 00:11:43,906 [WARN] CodeGenerator:3939 - IP not found : null
2024-02-12 00:11:43,912 [INFO] CodeEngine:255 - oldGeneratedFile, D:\Users\alexa\STM32CubeIDE\guitarPedal1\pedalAttempt1\Core\Inc\main.h_save
2024-02-12 00:11:43,956 [INFO] CodeEngine:279 - Generated code: D:\Users\alexa\STM32CubeIDE\guitarPedal1\pedalAttempt1\Core\Inc\main.h
2024-02-12 00:11:43,961 [INFO] CodeEngine:255 - oldGeneratedFile, D:\Users\alexa\STM32CubeIDE\guitarPedal1\pedalAttempt1\Core\Src\main.c_save
2024-02-12 00:11:44,025 [INFO] CodeEngine:279 - Generated code: D:\Users\alexa\STM32CubeIDE\guitarPedal1\pedalAttempt1\Core\Src\main.c
2024-02-12 00:11:44,405 [INFO] ProjectBuilder:3076 - Time for Copy HAL[1] : 144mS.
2024-02-12 00:11:44,408 [INFO] ProjectBuilder:4485 - Project Generator version: 4.2.0-B44
2024-02-12 00:11:44,523 [INFO] ConfigFileManager:1495 - The Die is : DIE421
2024-02-12 00:11:45,440 [INFO] ProjectBuilder:4747 - Time for Generating toolchain IDE Files: 1032mS.
2024-02-12 00:11:45,441 [INFO] ProjectBuilder:2947 - Time for Copy CMSIS : 0mS.
2024-02-12 00:11:45,444 [INFO] ProjectBuilder:2947 - Time for Copy CMSIS : 0mS.
2024-02-12 00:19:18,445 [INFO] UtilMem:75 - End SaveConfig() Used Memory: 565147976 Bytes (985661440)
2024-02-12 00:19:18,602 [INFO] BlockDiagram:2759 - set Specific Code input for plugin: TIM1_8
2024-02-12 00:19:18,602 [INFO] BlockDiagram:2759 - set Specific Code input for plugin: SYS
2024-02-12 00:19:18,602 [INFO] BlockDiagram:2759 - set Specific Code input for plugin: RCC
2024-02-12 00:19:18,602 [INFO] BlockDiagram:2759 - set Specific Code input for plugin: NVIC
2024-02-12 00:19:18,602 [INFO] BlockDiagram:2759 - set Specific Code input for plugin: USART
2024-02-12 00:19:18,602 [INFO] BlockDiagram:2759 - set Specific Code input for plugin: GPIO
2024-02-12 00:19:18,603 [INFO] CodeGenerator:807 - code generatio: config db path: D:\ST\STM32CubeIDE_1.14.1\STM32CubeIDE\plugins\com.st.stm32cube.common.mx_6.10.0.202311202037\\db\
2024-02-12 00:19:18,685 [INFO] CodeEngine:255 - oldGeneratedFile, D:\Users\alexa\STM32CubeIDE\guitarPedal1\pedalAttempt1\MXTmpFiles\license.tmp_save
2024-02-12 00:19:18,725 [INFO] CodeEngine:279 - Generated code: D:\Users\alexa\STM32CubeIDE\guitarPedal1\pedalAttempt1\MXTmpFiles\license.tmp
2024-02-12 00:19:18,737 [INFO] CodeEngine:255 - oldGeneratedFile, D:\Users\alexa\STM32CubeIDE\guitarPedal1\pedalAttempt1\MXTmpFiles\gpio.tmp_save
2024-02-12 00:19:18,780 [INFO] CodeEngine:279 - Generated code: D:\Users\alexa\STM32CubeIDE\guitarPedal1\pedalAttempt1\MXTmpFiles\gpio.tmp
2024-02-12 00:19:18,822 [INFO] CodeEngine:255 - oldGeneratedFile, D:\Users\alexa\STM32CubeIDE\guitarPedal1\pedalAttempt1\Core\Src\stm32f4xx_it.c_save
2024-02-12 00:19:18,869 [INFO] CodeEngine:279 - Generated code: D:\Users\alexa\STM32CubeIDE\guitarPedal1\pedalAttempt1\Core\Src\stm32f4xx_it.c
2024-02-12 00:19:18,873 [INFO] CodeEngine:255 - oldGeneratedFile, D:\Users\alexa\STM32CubeIDE\guitarPedal1\pedalAttempt1\Core\Inc\stm32f4xx_it.h_save
2024-02-12 00:19:18,913 [INFO] CodeEngine:279 - Generated code: D:\Users\alexa\STM32CubeIDE\guitarPedal1\pedalAttempt1\Core\Inc\stm32f4xx_it.h
2024-02-12 00:19:18,922 [INFO] CodeEngine:255 - oldGeneratedFile, D:\Users\alexa\STM32CubeIDE\guitarPedal1\pedalAttempt1\Core\Src\stm32f4xx_hal_msp.c_save
2024-02-12 00:19:18,980 [INFO] CodeEngine:279 - Generated code: D:\Users\alexa\STM32CubeIDE\guitarPedal1\pedalAttempt1\Core\Src\stm32f4xx_hal_msp.c
2024-02-12 00:19:18,984 [INFO] CodeEngine:255 - oldGeneratedFile, D:\Users\alexa\STM32CubeIDE\guitarPedal1\pedalAttempt1\MXTmpFiles\system.tmp_save
2024-02-12 00:19:19,024 [INFO] CodeEngine:279 - Generated code: D:\Users\alexa\STM32CubeIDE\guitarPedal1\pedalAttempt1\MXTmpFiles\system.tmp
2024-02-12 00:19:19,032 [INFO] CodeEngine:311 - oldGeneratedFile, D:\Users\alexa\STM32CubeIDE\guitarPedal1\pedalAttempt1\Core\Inc\stm32f4xx_hal_conf.h_save
2024-02-12 00:19:19,079 [INFO] CodeEngine:335 - Generated code: D:\Users\alexa\STM32CubeIDE\guitarPedal1\pedalAttempt1\Core\Inc\stm32f4xx_hal_conf.h
2024-02-12 00:19:19,090 [WARN] IPConfigManager:2946 - Warning: the RefConfig PLL2P_FOR_MCO is not available in your config.xml file
2024-02-12 00:19:19,092 [WARN] IPConfigManager:3440 - IP not found : TIM
2024-02-12 00:19:19,093 [WARN] CodeGenerator:3939 - IP not found : null
2024-02-12 00:19:19,098 [INFO] CodeEngine:255 - oldGeneratedFile, D:\Users\alexa\STM32CubeIDE\guitarPedal1\pedalAttempt1\Core\Inc\main.h_save
2024-02-12 00:19:19,142 [INFO] CodeEngine:279 - Generated code: D:\Users\alexa\STM32CubeIDE\guitarPedal1\pedalAttempt1\Core\Inc\main.h
2024-02-12 00:19:19,146 [INFO] CodeEngine:255 - oldGeneratedFile, D:\Users\alexa\STM32CubeIDE\guitarPedal1\pedalAttempt1\Core\Src\main.c_save
2024-02-12 00:19:19,272 [INFO] CodeEngine:279 - Generated code: D:\Users\alexa\STM32CubeIDE\guitarPedal1\pedalAttempt1\Core\Src\main.c
2024-02-12 00:19:19,667 [INFO] ProjectBuilder:3076 - Time for Copy HAL[1] : 128mS.
2024-02-12 00:19:19,669 [INFO] ProjectBuilder:4485 - Project Generator version: 4.2.0-B44
2024-02-12 00:19:19,798 [INFO] ConfigFileManager:1495 - The Die is : DIE421
2024-02-12 00:19:20,643 [INFO] ProjectBuilder:4747 - Time for Generating toolchain IDE Files: 974mS.
2024-02-12 00:19:20,643 [INFO] ProjectBuilder:2947 - Time for Copy CMSIS : 0mS.
2024-02-12 00:19:20,645 [INFO] ProjectBuilder:2947 - Time for Copy CMSIS : 0mS.
2024-02-12 00:19:31,399 [INFO] NvicIntPanel:101 - NVIC parent = com.st.microxplorer.plugins.ip.nvic.MultiNvicIntPanel[,0,0,0x0,invalid,layout=javax.swing.BoxLayout,alignmentX=0.0,alignmentY=0.0,border=,flags=9,maximumSize=,minimumSize=,preferredSize=]
2024-02-12 00:19:40,323 [INFO] UtilMem:75 - End SaveConfig() Used Memory: 624877272 Bytes (1059061760)
2024-02-12 00:19:40,751 [INFO] UtilMem:75 - End SaveConfig() Used Memory: 660525496 Bytes (1059061760)
2024-02-12 00:19:40,950 [INFO] BlockDiagram:2759 - set Specific Code input for plugin: TIM1_8
2024-02-12 00:19:40,950 [INFO] BlockDiagram:2759 - set Specific Code input for plugin: SYS
2024-02-12 00:19:40,950 [INFO] BlockDiagram:2759 - set Specific Code input for plugin: RCC
2024-02-12 00:19:40,950 [INFO] BlockDiagram:2759 - set Specific Code input for plugin: NVIC
2024-02-12 00:19:40,950 [INFO] BlockDiagram:2759 - set Specific Code input for plugin: USART
2024-02-12 00:19:40,950 [INFO] BlockDiagram:2759 - set Specific Code input for plugin: GPIO
2024-02-12 00:19:40,952 [INFO] CodeGenerator:807 - code generatio: config db path: D:\ST\STM32CubeIDE_1.14.1\STM32CubeIDE\plugins\com.st.stm32cube.common.mx_6.10.0.202311202037\\db\
2024-02-12 00:19:41,037 [INFO] CodeEngine:255 - oldGeneratedFile, D:\Users\alexa\STM32CubeIDE\guitarPedal1\pedalAttempt1\MXTmpFiles\license.tmp_save
2024-02-12 00:19:41,077 [INFO] CodeEngine:279 - Generated code: D:\Users\alexa\STM32CubeIDE\guitarPedal1\pedalAttempt1\MXTmpFiles\license.tmp
2024-02-12 00:19:41,088 [INFO] CodeEngine:255 - oldGeneratedFile, D:\Users\alexa\STM32CubeIDE\guitarPedal1\pedalAttempt1\MXTmpFiles\gpio.tmp_save
2024-02-12 00:19:41,128 [INFO] CodeEngine:279 - Generated code: D:\Users\alexa\STM32CubeIDE\guitarPedal1\pedalAttempt1\MXTmpFiles\gpio.tmp
2024-02-12 00:19:41,167 [INFO] CodeEngine:255 - oldGeneratedFile, D:\Users\alexa\STM32CubeIDE\guitarPedal1\pedalAttempt1\Core\Src\stm32f4xx_it.c_save
2024-02-12 00:19:41,210 [INFO] CodeEngine:279 - Generated code: D:\Users\alexa\STM32CubeIDE\guitarPedal1\pedalAttempt1\Core\Src\stm32f4xx_it.c
2024-02-12 00:19:41,214 [INFO] CodeEngine:255 - oldGeneratedFile, D:\Users\alexa\STM32CubeIDE\guitarPedal1\pedalAttempt1\Core\Inc\stm32f4xx_it.h_save
2024-02-12 00:19:41,254 [INFO] CodeEngine:279 - Generated code: D:\Users\alexa\STM32CubeIDE\guitarPedal1\pedalAttempt1\Core\Inc\stm32f4xx_it.h
2024-02-12 00:19:41,262 [INFO] CodeEngine:255 - oldGeneratedFile, D:\Users\alexa\STM32CubeIDE\guitarPedal1\pedalAttempt1\Core\Src\stm32f4xx_hal_msp.c_save
2024-02-12 00:19:41,318 [INFO] CodeEngine:279 - Generated code: D:\Users\alexa\STM32CubeIDE\guitarPedal1\pedalAttempt1\Core\Src\stm32f4xx_hal_msp.c
2024-02-12 00:19:41,322 [INFO] CodeEngine:255 - oldGeneratedFile, D:\Users\alexa\STM32CubeIDE\guitarPedal1\pedalAttempt1\MXTmpFiles\system.tmp_save
2024-02-12 00:19:41,359 [INFO] CodeEngine:279 - Generated code: D:\Users\alexa\STM32CubeIDE\guitarPedal1\pedalAttempt1\MXTmpFiles\system.tmp
2024-02-12 00:19:41,368 [INFO] CodeEngine:311 - oldGeneratedFile, D:\Users\alexa\STM32CubeIDE\guitarPedal1\pedalAttempt1\Core\Inc\stm32f4xx_hal_conf.h_save
2024-02-12 00:19:41,413 [INFO] CodeEngine:335 - Generated code: D:\Users\alexa\STM32CubeIDE\guitarPedal1\pedalAttempt1\Core\Inc\stm32f4xx_hal_conf.h
2024-02-12 00:19:41,424 [WARN] IPConfigManager:2946 - Warning: the RefConfig PLL2P_FOR_MCO is not available in your config.xml file
2024-02-12 00:19:41,425 [WARN] IPConfigManager:3440 - IP not found : TIM
2024-02-12 00:19:41,426 [WARN] CodeGenerator:3939 - IP not found : null
2024-02-12 00:19:41,432 [INFO] CodeEngine:255 - oldGeneratedFile, D:\Users\alexa\STM32CubeIDE\guitarPedal1\pedalAttempt1\Core\Inc\main.h_save
2024-02-12 00:19:41,475 [INFO] CodeEngine:279 - Generated code: D:\Users\alexa\STM32CubeIDE\guitarPedal1\pedalAttempt1\Core\Inc\main.h
2024-02-12 00:19:41,480 [INFO] CodeEngine:255 - oldGeneratedFile, D:\Users\alexa\STM32CubeIDE\guitarPedal1\pedalAttempt1\Core\Src\main.c_save
2024-02-12 00:19:41,544 [INFO] CodeEngine:279 - Generated code: D:\Users\alexa\STM32CubeIDE\guitarPedal1\pedalAttempt1\Core\Src\main.c
2024-02-12 00:19:41,986 [INFO] ProjectBuilder:3076 - Time for Copy HAL[1] : 145mS.
2024-02-12 00:19:41,988 [INFO] ProjectBuilder:4485 - Project Generator version: 4.2.0-B44
2024-02-12 00:19:42,103 [INFO] ConfigFileManager:1495 - The Die is : DIE421
2024-02-12 00:19:42,954 [INFO] ProjectBuilder:4747 - Time for Generating toolchain IDE Files: 966mS.
2024-02-12 00:19:42,954 [INFO] ProjectBuilder:2947 - Time for Copy CMSIS : 0mS.
2024-02-12 00:19:42,957 [INFO] ProjectBuilder:2947 - Time for Copy CMSIS : 0mS.
2024-02-12 01:17:21,810 [ERROR] LogOutputStream:75 - [STDERR_REDIRECT] 
